This is pdfTeX, Version 3.141592653-2.6-1.40.28 (TeX Live 2025) (preloaded format=pdflatex 2025.10.18)  5 DEC 2025 10:45
entering extended mode
 restricted \write18 enabled.
 %&-line parsing enabled.
**\input ./Rd2.tex
(./Rd2.tex
(/Users/erinbuchanan/Library/TinyTeX/texmf-dist/tex/latex/base/book.cls
Document Class: book 2025/01/22 v1.4n Standard LaTeX document class
(/Users/erinbuchanan/Library/TinyTeX/texmf-dist/tex/latex/base/bk10.clo
File: bk10.clo 2025/01/22 v1.4n Standard LaTeX file (size option)
)
\c@part=\count275
\c@chapter=\count276
\c@section=\count277
\c@subsection=\count278
\c@subsubsection=\count279
\c@paragraph=\count280
\c@subparagraph=\count281
\c@figure=\count282
\c@table=\count283
\abovecaptionskip=\skip49
\belowcaptionskip=\skip50
\bibindent=\dimen148
) (/Library/Frameworks/R.framework/Resources/share/texmf/tex/latex/Rd.sty
Package: Rd 
 (/Users/erinbuchanan/Library/TinyTeX/texmf-dist/tex/latex/base/ifthen.sty
Package: ifthen 2024/03/16 v1.1e Standard LaTeX ifthen package (DPC)
) (/Users/erinbuchanan/Library/TinyTeX/texmf-dist/tex/generic/iftex/iftex.sty
Package: iftex 2024/12/12 v1.0g TeX engine tests
) (/Users/erinbuchanan/Library/TinyTeX/texmf-dist/tex/latex/tools/longtable.sty
Package: longtable 2024-12-18 v4.23 Multi-page Table package (DPC)
\LTleft=\skip51
\LTright=\skip52
\LTpre=\skip53
\LTpost=\skip54
\LTchunksize=\count284
\LTcapwidth=\dimen149
\LT@head=\box53
\LT@firsthead=\box54
\LT@foot=\box55
\LT@lastfoot=\box56
\LT@gbox=\box57
\LT@cols=\count285
\LT@rows=\count286
\c@LT@tables=\count287
\c@LT@chunks=\count288
\LT@p@ftn=\toks17
) (/Users/erinbuchanan/Library/TinyTeX/texmf-dist/tex/latex/tools/bm.sty
Package: bm 2023/12/19 v1.2f Bold Symbol Support (DPC/FMi)
\symboldoperators=\mathgroup4
\symboldletters=\mathgroup5
\symboldsymbols=\mathgroup6
Package bm Info: No bold for \OMX/cmex/m/n, using \pmb.
LaTeX Font Info:    Redeclaring math alphabet \mathbf on input line 149.
) (/Users/erinbuchanan/Library/TinyTeX/texmf-dist/tex/latex/base/alltt.sty
Package: alltt 2024/07/07 v2.0g defines alltt environment
) (/Users/erinbuchanan/Library/TinyTeX/texmf-dist/tex/latex/tools/verbatim.sty
Package: verbatim 2024-01-22 v1.5x LaTeX2e package for verbatim enhancements
\every@verbatim=\toks18
\verbatim@line=\toks19
\verbatim@in@stream=\read2
) (/Users/erinbuchanan/Library/TinyTeX/texmf-dist/tex/latex/url/url.sty
\Urlmuskip=\muskip17
Package: url 2013/09/16  ver 3.4  Verb mode for urls, etc.
) (/Users/erinbuchanan/Library/TinyTeX/texmf-dist/tex/latex/base/textcomp.sty
Package: textcomp 2024/04/24 v2.1b Standard LaTeX package
) (/Users/erinbuchanan/Library/TinyTeX/texmf-dist/tex/latex/amsmath/amsmath.sty
Package: amsmath 2025/06/16 v2.17y AMS math features
\@mathmargin=\skip55

For additional information on amsmath, use the `?' option.
(/Users/erinbuchanan/Library/TinyTeX/texmf-dist/tex/latex/amsmath/amstext.sty
Package: amstext 2024/11/17 v2.01 AMS text
 (/Users/erinbuchanan/Library/TinyTeX/texmf-dist/tex/latex/amsmath/amsgen.sty
File: amsgen.sty 1999/11/30 v2.0 generic functions
\@emptytoks=\toks20
\ex@=\dimen150
)) (/Users/erinbuchanan/Library/TinyTeX/texmf-dist/tex/latex/amsmath/amsbsy.sty
Package: amsbsy 1999/11/29 v1.2d Bold Symbols
LaTeX Info: Redefining \boldsymbol on input line 28.
\pmbraise@=\dimen151
) (/Users/erinbuchanan/Library/TinyTeX/texmf-dist/tex/latex/amsmath/amsopn.sty
Package: amsopn 2022/04/08 v2.04 operator names
)
\inf@bad=\count289
LaTeX Info: Redefining \frac on input line 233.
\uproot@=\count290
\leftroot@=\count291
LaTeX Info: Redefining \overline on input line 398.
LaTeX Info: Redefining \colon on input line 409.
\classnum@=\count292
\DOTSCASE@=\count293
LaTeX Info: Redefining \ldots on input line 495.
LaTeX Info: Redefining \dots on input line 498.
LaTeX Info: Redefining \cdots on input line 619.
\Mathstrutbox@=\box58
\strutbox@=\box59
LaTeX Info: Redefining \big on input line 721.
LaTeX Info: Redefining \Big on input line 722.
LaTeX Info: Redefining \bigg on input line 723.
LaTeX Info: Redefining \Bigg on input line 724.
\big@size=\dimen152
LaTeX Font Info:    Redeclaring font encoding OML on input line 742.
LaTeX Font Info:    Redeclaring font encoding OMS on input line 743.
\macc@depth=\count294
LaTeX Info: Redefining \bmod on input line 904.
LaTeX Info: Redefining \pmod on input line 909.
LaTeX Info: Redefining \smash on input line 939.
LaTeX Info: Redefining \relbar on input line 969.
LaTeX Info: Redefining \Relbar on input line 970.
\c@MaxMatrixCols=\count295
\dotsspace@=\muskip18
\c@parentequation=\count296
\dspbrk@lvl=\count297
\tag@help=\toks21
\row@=\count298
\column@=\count299
\maxfields@=\count300
\andhelp@=\toks22
\eqnshift@=\dimen153
\alignsep@=\dimen154
\tagshift@=\dimen155
\tagwidth@=\dimen156
\totwidth@=\dimen157
\lineht@=\dimen158
\@envbody=\toks23
\multlinegap=\skip56
\multlinetaggap=\skip57
\mathdisplay@stack=\toks24
LaTeX Info: Redefining \[ on input line 2949.
LaTeX Info: Redefining \] on input line 2950.
) (/Users/erinbuchanan/Library/TinyTeX/texmf-dist/tex/latex/amsfonts/amsfonts.sty
Package: amsfonts 2013/01/14 v3.01 Basic AMSFonts support
\symAMSa=\mathgroup7
\symAMSb=\mathgroup8
LaTeX Font Info:    Redeclaring math symbol \hbar on input line 98.
LaTeX Font Info:    Overwriting math alphabet `\mathfrak' in version `bold'
(Font)                  U/euf/m/n --> U/euf/b/n on input line 106.
) (/Users/erinbuchanan/Library/TinyTeX/texmf-dist/tex/latex/amsfonts/amssymb.sty
Package: amssymb 2013/01/14 v3.01 AMS font symbols
) (/Users/erinbuchanan/Library/TinyTeX/texmf-dist/tex/latex/amsfonts/eucal.sty
Package: eucal 2009/06/22 v3.00 Euler Script fonts
LaTeX Font Info:    Overwriting math alphabet `\EuScript' in version `bold'
(Font)                  U/eus/m/n --> U/eus/b/n on input line 33.
)
\ldescriptionwidth=\skip58
 (/Users/erinbuchanan/Library/TinyTeX/texmf-dist/tex/latex/base/fontenc.sty
Package: fontenc 2024/12/21 v2.1c Standard LaTeX package
) (/Users/erinbuchanan/Library/TinyTeX/texmf-dist/tex/latex/psnfss/times.sty
Package: times 2020/03/25 PSNFSS-v9.3 (SPQR) 
) (/Users/erinbuchanan/Library/TinyTeX/texmf-dist/tex/latex/inconsolata/zi4.sty
Package: zi4 2019/05/17 v1.12
 `inconsolata-zi4' v1.12, 2019/05/17 Text macros for Inconsolata (msharpe) (/Users/erinbuchanan/Library/TinyTeX/texmf-dist/tex/latex/xkeyval/xkeyval.sty
Package: xkeyval 2022/06/16 v2.9 package option processing (HA)
 (/Users/erinbuchanan/Library/TinyTeX/texmf-dist/tex/generic/xkeyval/xkeyval.tex (/Users/erinbuchanan/Library/TinyTeX/texmf-dist/tex/generic/xkeyval/xkvutils.tex
\XKV@toks=\toks25
\XKV@tempa@toks=\toks26
 (/Users/erinbuchanan/Library/TinyTeX/texmf-dist/tex/generic/xkeyval/keyval.tex))
\XKV@depth=\count301
File: xkeyval.tex 2014/12/03 v2.7a key=value parser (HA)
))
\zifour@ocount=\count302
) (/Users/erinbuchanan/Library/TinyTeX/texmf-dist/tex/latex/graphics/color.sty
Package: color 2025/01/14 v1.3e Standard LaTeX Color (DPC)
 (/Users/erinbuchanan/Library/TinyTeX/texmf-dist/tex/latex/graphics-cfg/color.cfg
File: color.cfg 2016/01/02 v1.6 sample color configuration
)
Package color Info: Driver file: pdftex.def on input line 149.
 (/Users/erinbuchanan/Library/TinyTeX/texmf-dist/tex/latex/graphics-def/pdftex.def
File: pdftex.def 2025/09/29 v1.2d Graphics/color driver for pdftex
) (/Users/erinbuchanan/Library/TinyTeX/texmf-dist/tex/latex/graphics/mathcolor.ltx)) (/Users/erinbuchanan/Library/TinyTeX/texmf-dist/tex/latex/hyperref/hyperref.sty
Package: hyperref 2025-07-12 v7.01o Hypertext links for LaTeX
 (/Users/erinbuchanan/Library/TinyTeX/texmf-dist/tex/latex/kvsetkeys/kvsetkeys.sty
Package: kvsetkeys 2022-10-05 v1.19 Key value parser (HO)
) (/Users/erinbuchanan/Library/TinyTeX/texmf-dist/tex/generic/kvdefinekeys/kvdefinekeys.sty
Package: kvdefinekeys 2019-12-19 v1.6 Define keys (HO)
) (/Users/erinbuchanan/Library/TinyTeX/texmf-dist/tex/generic/pdfescape/pdfescape.sty
Package: pdfescape 2019/12/09 v1.15 Implements pdfTeX's escape features (HO)
 (/Users/erinbuchanan/Library/TinyTeX/texmf-dist/tex/generic/ltxcmds/ltxcmds.sty
Package: ltxcmds 2023-12-04 v1.26 LaTeX kernel commands for general use (HO)
) (/Users/erinbuchanan/Library/TinyTeX/texmf-dist/tex/generic/pdftexcmds/pdftexcmds.sty
Package: pdftexcmds 2020-06-27 v0.33 Utility functions of pdfTeX for LuaTeX (HO)
 (/Users/erinbuchanan/Library/TinyTeX/texmf-dist/tex/generic/infwarerr/infwarerr.sty
Package: infwarerr 2019/12/03 v1.5 Providing info/warning/error messages (HO)
)
Package pdftexcmds Info: \pdf@primitive is available.
Package pdftexcmds Info: \pdf@ifprimitive is available.
Package pdftexcmds Info: \pdfdraftmode found.
)) (/Users/erinbuchanan/Library/TinyTeX/texmf-dist/tex/latex/hycolor/hycolor.sty
Package: hycolor 2020-01-27 v1.10 Color options for hyperref/bookmark (HO)
) (/Users/erinbuchanan/Library/TinyTeX/texmf-dist/tex/latex/hyperref/nameref.sty
Package: nameref 2025-06-21 v2.57 Cross-referencing by name of section
 (/Users/erinbuchanan/Library/TinyTeX/texmf-dist/tex/latex/refcount/refcount.sty
Package: refcount 2019/12/15 v3.6 Data extraction from label references (HO)
) (/Users/erinbuchanan/Library/TinyTeX/texmf-dist/tex/generic/gettitlestring/gettitlestring.sty
Package: gettitlestring 2019/12/15 v1.6 Cleanup title references (HO)
 (/Users/erinbuchanan/Library/TinyTeX/texmf-dist/tex/latex/kvoptions/kvoptions.sty
Package: kvoptions 2022-06-15 v3.15 Key value format for package options (HO)
))
\c@section@level=\count303
) (/Users/erinbuchanan/Library/TinyTeX/texmf-dist/tex/latex/etoolbox/etoolbox.sty
Package: etoolbox 2025/10/02 v2.5m e-TeX tools for LaTeX (JAW)
\etb@tempcnta=\count304
) (/Users/erinbuchanan/Library/TinyTeX/texmf-dist/tex/generic/stringenc/stringenc.sty
Package: stringenc 2019/11/29 v1.12 Convert strings between diff. encodings (HO)
)
\@linkdim=\dimen159
\Hy@linkcounter=\count305
\Hy@pagecounter=\count306
 (/Users/erinbuchanan/Library/TinyTeX/texmf-dist/tex/latex/hyperref/pd1enc.def
File: pd1enc.def 2025-07-12 v7.01o Hyperref: PDFDocEncoding definition (HO)
Now handling font encoding PD1 ...
... no UTF-8 mapping file for font encoding PD1
) (/Users/erinbuchanan/Library/TinyTeX/texmf-dist/tex/generic/intcalc/intcalc.sty
Package: intcalc 2019/12/15 v1.3 Expandable calculations with integers (HO)
)
\Hy@SavedSpaceFactor=\count307
 (/Users/erinbuchanan/Library/TinyTeX/texmf-dist/tex/latex/hyperref/puenc.def
File: puenc.def 2025-07-12 v7.01o Hyperref: PDF Unicode definition (HO)
Now handling font encoding PU ...
... no UTF-8 mapping file for font encoding PU
)
Package hyperref Info: Hyper figures OFF on input line 4195.
Package hyperref Info: Link nesting OFF on input line 4200.
Package hyperref Info: Hyper index ON on input line 4203.
Package hyperref Info: Plain pages OFF on input line 4210.
Package hyperref Info: Backreferencing OFF on input line 4215.
Package hyperref Info: Implicit mode ON; LaTeX internals redefined.
Package hyperref Info: Bookmarks ON on input line 4462.
\c@Hy@tempcnt=\count308
LaTeX Info: Redefining \url on input line 4801.
\XeTeXLinkMargin=\dimen160
 (/Users/erinbuchanan/Library/TinyTeX/texmf-dist/tex/generic/bitset/bitset.sty
Package: bitset 2019/12/09 v1.3 Handle bit-vector datatype (HO)
 (/Users/erinbuchanan/Library/TinyTeX/texmf-dist/tex/generic/bigintcalc/bigintcalc.sty
Package: bigintcalc 2019/12/15 v1.5 Expandable calculations on big integers (HO)
))
\Fld@menulength=\count309
\Field@Width=\dimen161
\Fld@charsize=\dimen162
Package hyperref Info: Hyper figures OFF on input line 6078.
Package hyperref Info: Link nesting OFF on input line 6083.
Package hyperref Info: Hyper index ON on input line 6086.
Package hyperref Info: backreferencing OFF on input line 6093.
Package hyperref Info: Link coloring OFF on input line 6098.
Package hyperref Info: Link coloring with OCG OFF on input line 6103.
Package hyperref Info: PDF/A mode OFF on input line 6108.
\Hy@abspage=\count310
\c@Item=\count311
\c@Hfootnote=\count312
)
Package hyperref Info: Driver (autodetected): hpdftex.
 (/Users/erinbuchanan/Library/TinyTeX/texmf-dist/tex/latex/hyperref/hpdftex.def
File: hpdftex.def 2025-07-12 v7.01o Hyperref driver for pdfTeX
\Fld@listcount=\count313
\c@bookmark@seq@number=\count314
 (/Users/erinbuchanan/Library/TinyTeX/texmf-dist/tex/latex/rerunfilecheck/rerunfilecheck.sty
Package: rerunfilecheck 2025-06-21 v1.11 Rerun checks for auxiliary files (HO)
 (/Users/erinbuchanan/Library/TinyTeX/texmf-dist/tex/generic/uniquecounter/uniquecounter.sty
Package: uniquecounter 2019/12/15 v1.4 Provide unlimited unique counter (HO)
)
Package uniquecounter Info: New unique counter `rerunfilecheck' on input line 284.
)
\Hy@SectionHShift=\skip59
)
Package hyperref Info: Option `colorlinks' set `true' on input line 413.
Package hyperref Info: Option `linktocpage' set `true' on input line 413.
Package hyperref Info: Option `plainpages' set `false' on input line 413.
LaTeX Encoding Info:    Ignoring declaration for text command \textdegree (encoding ?) on input line 462.
LaTeX Encoding Info:    Ignoring declaration for text command \textonehalf (encoding ?) on input line 463.
LaTeX Encoding Info:    Ignoring declaration for text command \textonequarter (encoding ?) on input line 464.
LaTeX Encoding Info:    Ignoring declaration for text command \textthreequarters (encoding ?) on input line 465.
LaTeX Encoding Info:    Ignoring declaration for text command \textcent (encoding ?) on input line 466.
LaTeX Encoding Info:    Ignoring declaration for text command \textyen (encoding ?) on input line 467.
LaTeX Encoding Info:    Ignoring declaration for text command \textcurrency (encoding ?) on input line 468.
LaTeX Encoding Info:    Ignoring declaration for text command \textbrokenbar (encoding ?) on input line 469.
LaTeX Encoding Info:    Ignoring declaration for text command \texteuro (encoding ?) on input line 470.
) (/Users/erinbuchanan/Library/TinyTeX/texmf-dist/tex/latex/base/makeidx.sty
Package: makeidx 2021/10/04 v1.0m Standard LaTeX package
)
\@indexfile=\write3
\openout3 = `Rd2.idx'.


Writing index file Rd2.idx
LaTeX Font Info:    Trying to load font information for T1+ptm on input line 8.
(/Users/erinbuchanan/Library/TinyTeX/texmf-dist/tex/latex/psnfss/t1ptm.fd
File: t1ptm.fd 2001/06/04 font definitions for T1/ptm.
) (/Users/erinbuchanan/Library/TinyTeX/texmf-dist/tex/latex/l3backend/l3backend-pdftex.def
File: l3backend-pdftex.def 2025-06-09 L3 backend support: PDF output (pdfTeX)
\l__color_backend_stack_int=\count315
) (/private/var/folders/vn/hfjry_ms5pjbbdw6g_p8fs800000gn/T/RtmpsJaAdP/Rd2pdfeb90b3ec000/Rd2.aux)
\openout1 = `Rd2.aux'.

LaTeX Font Info:    Checking defaults for OML/cmm/m/it on input line 8.
LaTeX Font Info:    ... okay on input line 8.
LaTeX Font Info:    Checking defaults for OMS/cmsy/m/n on input line 8.
LaTeX Font Info:    ... okay on input line 8.
LaTeX Font Info:    Checking defaults for OT1/cmr/m/n on input line 8.
LaTeX Font Info:    ... okay on input line 8.
LaTeX Font Info:    Checking defaults for T1/cmr/m/n on input line 8.
LaTeX Font Info:    ... okay on input line 8.
LaTeX Font Info:    Checking defaults for TS1/cmr/m/n on input line 8.
LaTeX Font Info:    ... okay on input line 8.
LaTeX Font Info:    Checking defaults for OMX/cmex/m/n on input line 8.
LaTeX Font Info:    ... okay on input line 8.
LaTeX Font Info:    Checking defaults for U/cmr/m/n on input line 8.
LaTeX Font Info:    ... okay on input line 8.
LaTeX Font Info:    Checking defaults for PD1/pdf/m/n on input line 8.
LaTeX Font Info:    ... okay on input line 8.
LaTeX Font Info:    Checking defaults for PU/pdf/m/n on input line 8.
LaTeX Font Info:    ... okay on input line 8.
Package hyperref Info: Link coloring ON on input line 8.
 (/private/var/folders/vn/hfjry_ms5pjbbdw6g_p8fs800000gn/T/RtmpsJaAdP/Rd2pdfeb90b3ec000/Rd2.out) (/private/var/folders/vn/hfjry_ms5pjbbdw6g_p8fs800000gn/T/RtmpsJaAdP/Rd2pdfeb90b3ec000/Rd2.out)
\@outlinefile=\write4
\openout4 = `Rd2.out'.

LaTeX Font Info:    Trying to load font information for TS1+ptm on input line 31.
 (/Users/erinbuchanan/Library/TinyTeX/texmf-dist/tex/latex/psnfss/ts1ptm.fd
File: ts1ptm.fd 2001/06/04 font definitions for TS1/ptm.
)
LaTeX Font Info:    Trying to load font information for T1+zi4 on input line 42.
 (/Users/erinbuchanan/Library/TinyTeX/texmf-dist/tex/latex/inconsolata/t1zi4.fd
File: t1zi4.fd 2018/01/14 T1/zi4 (Inconsolata)
)
LaTeX Font Info:    Font shape `T1/zi4/m/n' will be
(Font)              scaled to size 10.0pt on input line 42.
LaTeX Font Info:    Trying to load font information for U+msa on input line 42.
 (/Users/erinbuchanan/Library/TinyTeX/texmf-dist/tex/latex/amsfonts/umsa.fd
File: umsa.fd 2013/01/14 v3.01 AMS symbols A
)
LaTeX Font Info:    Trying to load font information for U+msb on input line 42.
 (/Users/erinbuchanan/Library/TinyTeX/texmf-dist/tex/latex/amsfonts/umsb.fd
File: umsb.fd 2013/01/14 v3.01 AMS symbols B
)

[1


{/Users/erinbuchanan/Library/TinyTeX/texmf-var/fonts/map/pdftex/updmap/pdftex.map}{/Users/erinbuchanan/Library/TinyTeX/texmf-dist/fonts/enc/dvips/base/8r.enc}{/Users/erinbuchanan/Library/TinyTeX/texmf-dist/fonts/enc/dvips/inconsolata/i4-t1-0.enc}] (/private/var/folders/vn/hfjry_ms5pjbbdw6g_p8fs800000gn/T/RtmpsJaAdP/Rd2pdfeb90b3ec000/Rd2.toc)
\tf@toc=\write5
\openout5 = `Rd2.toc'.



[2]
LaTeX Font Info:    Font shape `T1/zi4/m/n' will be
(Font)              scaled to size 9.0pt on input line 101.


[3]
Overfull \hbox (32.81952pt too wide) in paragraph at lines 174--177
[]\T1/ptm/m/n/10 Factor in-di-cat-ing sport type: []\T1/zi4/m/n/10 "baseball"[]\T1/ptm/m/n/10 , []\T1/zi4/m/n/10 "basketball"[]\T1/ptm/m/n/10 , []\T1/zi4/m/n/10 "football"[]\T1/ptm/m/n/10 , []\T1/zi4/m/n/10 "soccer"[]\T1/ptm/m/n/10 , or []\T1/zi4/m/n/10 "volleyball"[]\T1/ptm/m/n/10 . 
 []



[4]
Overfull \hbox (1.70792pt too wide) in paragraph at lines 208--210
[]\T1/ptm/m/n/10 Factor with lev-els []\T1/zi4/m/n/10 "low"[]\T1/ptm/m/n/10 , []\T1/zi4/m/n/10 "medium"[]\T1/ptm/m/n/10 , and []\T1/zi4/m/n/10 "high" []\T1/ptm/m/n/10 in-di-cat-ing self-reported num-ber of friends. 
 []



[5]
Overfull \hbox (2.01828pt too wide) in paragraph at lines 285--287
[]\T1/ptm/m/n/10 Numeric. Lower-tail non-cov-er-age prob-a-bil-ity (can-not be used with `conf_level`). 
 []


Overfull \hbox (1.1583pt too wide) in paragraph at lines 288--290
[]\T1/ptm/m/n/10 Numeric. Upper-tail non-cov-er-age prob-a-bil-ity (can-not be used with `conf_level`). 
 []



[6]

[7]

[8]

[9]
Overfull \hbox (1.61076pt too wide) in paragraph at lines 521--524
[]\T1/ptm/m/n/10 Compute Co-hen's $\OML/cmm/m/it/10 d[]$ \T1/ptm/m/n/10 and a noncentral-t con-fi-dence in-ter-val for repeated-measures (paired-samples)
 []



[10]

[11]

[12]

[13]
Overfull \hbox (4.0463pt too wide) in paragraph at lines 796--799
[]\T1/ptm/m/n/10 Compute Co-hen's $\OML/cmm/m/it/10 d[]$ \T1/ptm/m/n/10 and a noncentral-t con-fi-dence in-ter-val for repeated-measures (paired-samples)
 []



[14]

[15]
Overfull \hbox (10.21796pt too wide) in paragraph at lines 932--934
[]\T1/ptm/m/n/10 Population stan-dard de-vi-a-tion for z-based de-signs, used when `de-sign = "z_mean"`. 
 []



[16]
Overfull \hbox (2.61761pt too wide) in paragraph at lines 1051--1056
[]\T1/ptm/m/n/10 - `"prop"` ^^V in-de-pen-dent pro-por-tions (bi-nary out-come) us-ing a stan-dard-ized mean dif-fer-ence (SMD)
 []



[17]

[18]

[19]

[20]

[21]

[22]
LaTeX Font Info:    Trying to load font information for TS1+zi4 on input line 1462.
 (/Users/erinbuchanan/Library/TinyTeX/texmf-dist/tex/latex/inconsolata/ts1zi4.fd
File: ts1zi4.fd 2018/01/14 TS1/zi4 (Inconsolata)
)
LaTeX Font Info:    Font shape `TS1/zi4/m/n' will be
(Font)              scaled to size 9.0pt on input line 1462.


[23]

[24{/Users/erinbuchanan/Library/TinyTeX/texmf-dist/fonts/enc/dvips/inconsolata/i4-ts1.enc}]

[25]

[26]

[27]

[28]

LaTeX Warning: Command \textasciicircum invalid in math mode on input line 1850.



[29]

[30]

LaTeX Warning: Command \textasciicircum invalid in math mode on input line 1954.


LaTeX Warning: Command \textasciicircum invalid in math mode on input line 1954.


Overfull \hbox (10.1458pt too wide) in paragraph at lines 1962--1972
\T1/ptm/m/n/10 `dfe`, `F`, `p`, `es-ti-mate`, `statis-tic`) and newer snake_case aliases (e.g., `eta_value`, `eta_lower_limit`,
 []



[31]

[32]

LaTeX Warning: Command \textasciicircum invalid in math mode on input line 2058.


Overfull \hbox (2.59685pt too wide) in paragraph at lines 2106--2116
\T1/ptm/m/n/10 `eta_value`, `eta_lower_limit`, `eta_upper_limit`, `df_model`, `df_error`, `f_value`, `p_value`). New
 []



[33]

LaTeX Warning: Command \textasciicircum invalid in math mode on input line 2165.



[34]
Overfull \hbox (2.59685pt too wide) in paragraph at lines 2215--2226
\T1/ptm/m/n/10 `eta_value`, `eta_lower_limit`, `eta_upper_limit`, `df_model`, `df_error`, `f_value`, `p_value`). New
 []



[35]

LaTeX Warning: Command \textasciicircum invalid in math mode on input line 2298.



[36]

[37]

LaTeX Warning: Command \textasciicircum invalid in math mode on input line 2415.



[38]

[39]

[40]

[41]

[42]

[43]

[44]

[45]

LaTeX Warning: Command \textasciicircum invalid in math mode on input line 2899.



[46]
Overfull \hbox (15.72682pt too wide) in paragraph at lines 2952--2962
\T1/ptm/m/n/10 func-tion name `omega_f()` to fol-low mod-ern R style guide-lines. The orig-i-nal dot-ted ver-sion `omega.F()`
 []


Overfull \hbox (33.39656pt too wide) in paragraph at lines 2952--2962
\T1/ptm/m/n/10 `omegahigh`, `dfm`, `dfe`, `F`, `p`, `es-ti-mate`, `statis-tic`) and newer snake_case aliases (e.g., `omega_value`,
 []



[47]
Overfull \hbox (1.83769pt too wide) in paragraph at lines 3071--3081
\T1/ptm/m/n/10 (e.g., `omega_value`, `omega_lower_limit`, `omega_upper_limit`, `df_model`, `df_error`, `f_value`,
 []



[48]

[49]
Overfull \hbox (1.33838pt too wide) in paragraph at lines 3186--3190
\T1/ptm/m/n/10 stead). This ar-gu-ment is only used by the wrap-per func-tion `omega.gen.SS.rm()`,
 []


Overfull \hbox (1.83769pt too wide) in paragraph at lines 3209--3220
\T1/ptm/m/n/10 (e.g., `omega_value`, `omega_lower_limit`, `omega_upper_limit`, `df_model`, `df_error`, `f_value`,
 []



[50]

[51]
Overfull \hbox (7.43768pt too wide) in paragraph at lines 3345--3355
\T1/ptm/m/n/10 `df_error`, `f_value`, `p_value`). New code should pre-fer `omega_partial_ss_bn()` and the snake_case
 []



[52]

[53]

[54]
Overfull \hbox (8.54753pt too wide) in paragraph at lines 3513--3524
\T1/ptm/m/n/10 `df_error`, `f_value`, `p_value`). New code should pre-fer `omega_partial_ss_rm()` and the snake_case
 []



[55]
Overfull \hbox (18.25806pt too wide) in paragraph at lines 3628--3632
\T1/ptm/m/n/10 type and for-ward/backward strength in word as-so-ci-a-tions. De-signed for use with [][][]\T1/zi4/m/n/10 omega.partial.SS.rm[][][]
 []



[56]
LaTeX Info: Symbol \textrightarrow not provided by
            font family ptm in TS1 encoding.
            Default family used instead on input line 3635.
LaTeX Info: Symbol \textrightarrow not provided by
            font family ptm in TS1 encoding.
            Default family used instead on input line 3636.


LaTeX Warning: Command \textasciicircum invalid in math mode on input line 3662.



[57]
Overfull \hbox (6.66643pt too wide) in paragraph at lines 3701--3713
\T1/ptm/m/n/10 func-tion name `r_correl()` to fol-low mod-ern R style guide-lines. The orig-i-nal dot-ted ver-sion `r.correl()`
 []


Overfull \hbox (16.34634pt too wide) in paragraph at lines 3701--3713
\T1/ptm/m/n/10 newer snake_case aliases (e.g., `r_value`, `r_lower_limit`, `r_upper_limit`, `r2_value`, `r2_lower_limit`,
 []


Overfull \hbox (24.14687pt too wide) in paragraph at lines 3701--3713
\T1/ptm/m/n/10 `r2_upper_limit`, `stan-dard_error`, `sam-ple_size`, `df_model`, `df_error`, `t_value`, `f_value`, `p_value`).
 []



[58]
Overfull \hbox (15.15733pt too wide) in paragraph at lines 3816--3818
[]\T1/ptm/m/n/10 Chi-square test statis-tic for the con-tin-gency ta-ble (used when `de-sign = "v_chi_sq"`). 
 []



[59]
Overfull \hbox (80.58636pt too wide) in paragraph at lines 3822--3828
\T1/ptm/m/n/10 `de-sign = "ges_partial_ss_mix"`, `de-sign = "ges_partial_ss_rm"`, `de-sign = "omega_partial_ss_rm"`,
 []


Overfull \hbox (80.58636pt too wide) in paragraph at lines 3829--3835
\T1/ptm/m/n/10 `de-sign = "ges_partial_ss_mix"`, `de-sign = "ges_partial_ss_rm"`, `de-sign = "omega_partial_ss_rm"`,
 []


Overfull \hbox (48.19746pt too wide) in paragraph at lines 3836--3839
\T1/ptm/m/n/10 "omega_full_ss"`, `de-sign = "omega_partial_ss_bn"`, or `de-sign = "omega_partial_ss_rm"`). 
 []


Overfull \hbox (48.19746pt too wide) in paragraph at lines 3840--3843
\T1/ptm/m/n/10 "omega_full_ss"`, `de-sign = "omega_partial_ss_bn"`, or `de-sign = "omega_partial_ss_rm"`). 
 []


Overfull \hbox (18.33665pt too wide) in paragraph at lines 3851--3856
\T1/ptm/m/n/10 = "eta_partial_ss"`, `de-sign = "ges_partial_ss_mix"`, `de-sign = "ges_partial_ss_rm"`,
 []


Overfull \hbox (55.26668pt too wide) in paragraph at lines 3860--3863
\T1/ptm/m/n/10 "ges_partial_ss_mix"`, `de-sign = "ges_partial_ss_rm"`, or `de-sign = "omega_partial_ss_rm"`). 
 []


Overfull \hbox (7.19757pt too wide) in paragraph at lines 3868--3870
[]\T1/ptm/m/n/10 Sum of squares for the first er-ror term (used when `de-sign = "ges_partial_ss_rm"`). 
 []


Overfull \hbox (19.40767pt too wide) in paragraph at lines 3871--3873
[]\T1/ptm/m/n/10 Sum of squares for the sec-ond er-ror term (used when `de-sign = "ges_partial_ss_rm"`). 
 []


Overfull \hbox (10.52763pt too wide) in paragraph at lines 3874--3876
[]\T1/ptm/m/n/10 Sum of squares for the third er-ror term (used when `de-sign = "ges_partial_ss_rm"`). 
 []


Overfull \hbox (14.97643pt too wide) in paragraph at lines 3880--3884
[]\T1/ptm/m/n/10 F statis-tic for the model term (used when `de-sign = "eta_f"`, `de-sign = "eta_full_ss"`,
 []


Overfull \hbox (49.67636pt too wide) in paragraph at lines 3880--3884
\T1/ptm/m/n/10 `de-sign = "eta_partial_ss"`, `de-sign = "ges_partial_ss_mix"`, `de-sign = "ges_partial_ss_rm"`,
 []


Overfull \hbox (11.31688pt too wide) in paragraph at lines 3895--3902
\T1/ptm/m/n/10 level func-tions as [d_to_r()], [r_correl()], [ep-silon_full_ss()], [eta_f()], [omega_f()], [omega_full_ss()],
 []


Overfull \hbox (26.16544pt too wide) in paragraph at lines 3895--3902
\T1/ptm/m/n/10 [eta_full_ss()], [eta_partial_ss()], [ges_partial_ss_mix()], [ges_partial_ss_rm()], [omega_partial_ss_rm()],
 []



[60]
Overfull \hbox (5.93654pt too wide) in paragraph at lines 3940--3945
\T1/ptm/m/n/10 dom. Sup-ply `dfm`, `dfe`, `msm`, `mse`, and `sst`. In this case, `r_effect()` will call [omega_full_ss()]
 []


Overfull \hbox (35.91553pt too wide) in paragraph at lines 3972--3979
\T1/ptm/m/n/10 `dfe`, `ssm`, `sss`, `sse1`, `sse2`, `sse3`, and `f_value`. In this case, `r_effect()` will call [ges_partial_ss_rm()]
 []



[61]

[62]

[63]

[64]
No file Rd2.ind.


[65] (/private/var/folders/vn/hfjry_ms5pjbbdw6g_p8fs800000gn/T/RtmpsJaAdP/Rd2pdfeb90b3ec000/Rd2.aux)
 ***********
LaTeX2e <2025-06-01> patch level 1
L3 programming layer <2025-09-02>
 ***********
Package rerunfilecheck Info: File `Rd2.out' has not changed.
(rerunfilecheck)             Checksum: 06A622AD4EECD94220D7977339203D3D;4729.
 ) 
Here is how much of TeX's memory you used:
 10742 strings out of 469729
 163873 string characters out of 5475939
 565763 words of memory out of 5000000
 38607 multiletter control sequences out of 15000+600000
 664034 words of font info for 83 fonts, out of 8000000 for 9000
 14 hyphenation exceptions out of 8191
 92i,6n,95p,262b,769s stack positions out of 10000i,1000n,20000p,200000b,200000s
 </Users/erinbuchanan/Library/TinyTeX/texmf-var/fonts/pk/ljfour/jknappen/ec/tcrm1000.600pk></Users/erinbuchanan/Library/TinyTeX/texmf-dist/fonts/type1/public/inconsolata/Inconsolata-zi4r.pfb></Users/erinbuchanan/Library/TinyTeX/texmf-dist/fonts/type1/public/amsfonts/cm/cmex10.pfb></Users/erinbuchanan/Library/TinyTeX/texmf-dist/fonts/type1/public/amsfonts/cm/cmmi10.pfb></Users/erinbuchanan/Library/TinyTeX/texmf-dist/fonts/type1/public/amsfonts/cm/cmmi7.pfb></Users/erinbuchanan/Library/TinyTeX/texmf-dist/fonts/type1/public/amsfonts/cm/cmr10.pfb></Users/erinbuchanan/Library/TinyTeX/texmf-dist/fonts/type1/public/amsfonts/cm/cmr5.pfb></Users/erinbuchanan/Library/TinyTeX/texmf-dist/fonts/type1/public/amsfonts/cm/cmr7.pfb></Users/erinbuchanan/Library/TinyTeX/texmf-dist/fonts/type1/public/amsfonts/cm/cmsy10.pfb></Users/erinbuchanan/Library/TinyTeX/texmf-dist/fonts/type1/public/amsfonts/cm/cmsy7.pfb></Users/erinbuchanan/Library/TinyTeX/texmf-dist/fonts/type1/urw/times/utmb8a.pfb></Users/erinbuchanan/Library/TinyTeX/texmf-dist/fonts/type1/urw/times/utmr8a.pfb></Users/erinbuchanan/Library/TinyTeX/texmf-dist/fonts/type1/urw/times/utmr8a.pfb></Users/erinbuchanan/Library/TinyTeX/texmf-dist/fonts/type1/urw/times/utmri8a.pfb>
Output written on Rd2.pdf (65 pages, 304642 bytes).
PDF statistics:
 1018 PDF objects out of 1200 (max. 8388607)
 913 compressed objects within 10 object streams
 411 named destinations out of 1000 (max. 500000)
 337 words of extra memory for PDF output out of 10000 (max. 10000000)

