Hmm ... looks like a package
Converting parsed Rd's to LaTeX ....
Creating pdf output from LaTeX ...
Error in texi2dvi(file = file, pdf = TRUE, clean = clean, quiet = quiet,  : 
  Running 'texi2dvi' on 'Rd2.tex' failed.
Messages:
/opt/R/arm64/bin/texi2dvi: makeindex failed
Output:
This is pdfTeX, Version 3.141592653-2.6-1.40.28 (TeX Live 2025) (preloaded format=pdflatex)
 restricted \write18 enabled.
entering extended mode
LaTeX2e <2025-06-01> patch level 1
L3 programming layer <2025-09-02>
(./Rd2.tex
(/Users/erinbuchanan/Library/TinyTeX/texmf-dist/tex/latex/base/book.cls
Document Class: book 2025/01/22 v1.4n Standard LaTeX document class
(/Users/erinbuchanan/Library/TinyTeX/texmf-dist/tex/latex/base/bk10.clo)) (/Library/Frameworks/R.framework/Resources/share/texmf/tex/latex/Rd.sty (/Users/erinbuchanan/Library/TinyTeX/texmf-dist/tex/latex/base/ifthen.sty) (/Users/erinbuchanan/Library/TinyTeX/texmf-dist/tex/generic/iftex/iftex.sty) (/Users/erinbuchanan/Library/TinyTeX/texmf-dist/tex/latex/tools/longtable.sty) (/Users/erinbuchanan/Library/TinyTeX/texmf-dist/tex/latex/tools/bm.sty) (/Users/erinbuchanan/Library/TinyTeX/texmf-dist/tex/latex/base/alltt.sty) (/Users/erinbuchanan/Library/TinyTeX/texmf-dist/tex/latex/tools/verbatim.sty) (/Users/erinbuchanan/Library/TinyTeX/texmf-dist/tex/latex/url/url.sty) (/Users/erinbuchanan/Library/TinyTeX/texmf-dist/tex/latex/base/textcomp.sty) (/Users/erinbuchanan/Library/TinyTeX/texmf-dist/tex/latex/amsmath/amsmath.sty
For additional information on amsmath, use the `?' option.
(/Users/erinbuchanan/Library/TinyTeX/texmf-dist/tex/latex/amsmath/amstext.sty (/Users/erinbuchanan/Library/TinyTeX/texmf-dist/tex/latex/amsmath/amsgen.sty)) (/Users/erinbuchanan/Library/TinyTeX/texmf-dist/tex/latex/amsmath/amsbsy.sty) (/Users/erinbuchanan/Library/TinyTeX/texmf-dist/tex/latex/amsmath/amsopn.sty)) (/Users/erinbuchanan/Library/TinyTeX/texmf-dist/tex/latex/amsfonts/amsfonts.sty) (/Users/erinbuchanan/Library/TinyTeX/texmf-dist/tex/latex/amsfonts/amssymb.sty) (/Users/erinbuchanan/Library/TinyTeX/texmf-dist/tex/latex/amsfonts/eucal.sty) (/Users/erinbuchanan/Library/TinyTeX/texmf-dist/tex/latex/base/fontenc.sty) (/Users/erinbuchanan/Library/TinyTeX/texmf-dist/tex/latex/psnfss/times.sty) (/Users/erinbuchanan/Library/TinyTeX/texmf-dist/tex/latex/inconsolata/zi4.sty `inconsolata-zi4' v1.12, 2019/05/17 Text macros for Inconsolata (msharpe) (/Users/erinbuchanan/Library/TinyTeX/texmf-dist/tex/latex/xkeyval/xkeyval.sty (/Users/erinbuchanan/Library/TinyTeX/texmf-dist/tex/generic/xkeyval/xkeyval.tex (/Users/erinbuchanan/Library/TinyTeX/texmf-dist/tex/generic/xkeyval/xkvutils.tex (/Users/erinbuchanan/Library/TinyTeX/texmf-dist/tex/generic/xkeyval/keyval.tex))))) (/Users/erinbuchanan/Library/TinyTeX/texmf-dist/tex/latex/graphics/color.sty (/Users/erinbuchanan/Library/TinyTeX/texmf-dist/tex/latex/graphics-cfg/color.cfg) (/Users/erinbuchanan/Library/TinyTeX/texmf-dist/tex/latex/graphics-def/pdftex.def) (/Users/erinbuchanan/Library/TinyTeX/texmf-dist/tex/latex/graphics/mathcolor.ltx)) (/Users/erinbuchanan/Library/TinyTeX/texmf-dist/tex/latex/hyperref/hyperref.sty (/Users/erinbuchanan/Library/TinyTeX/texmf-dist/tex/latex/kvsetkeys/kvsetkeys.sty) (/Users/erinbuchanan/Library/TinyTeX/texmf-dist/tex/generic/kvdefinekeys/kvdefinekeys.sty) (/Users/erinbuchanan/Library/TinyTeX/texmf-dist/tex/generic/pdfescape/pdfescape.sty (/Users/erinbuchanan/Library/TinyTeX/texmf-dist/tex/generic/ltxcmds/ltxcmds.sty) (/Users/erinbuchanan/Library/TinyTeX/texmf-dist/tex/generic/pdftexcmds/pdftexcmds.sty (/Users/erinbuchanan/Library/TinyTeX/texmf-dist/tex/generic/infwarerr/infwarerr.sty))) (/Users/erinbuchanan/Library/TinyTeX/texmf-dist/tex/latex/hycolor/hycolor.sty) (/Users/erinbuchanan/Library/TinyTeX/texmf-dist/tex/latex/hyperref/nameref.sty (/Users/erinbuchanan/Library/TinyTeX/texmf-dist/tex/latex/refcount/refcount.sty) (/Users/erinbuchanan/Library/TinyTeX/texmf-dist/tex/generic/gettitlestring/gettitlestring.sty (/Users/erinbuchanan/Library/TinyTeX/texmf-dist/tex/latex/kvoptions/kvoptions.sty))) (/Users/erinbuchanan/Library/TinyTeX/texmf-dist/tex/latex/etoolbox/etoolbox.sty) (/Users/erinbuchanan/Library/TinyTeX/texmf-dist/tex/generic/stringenc/stringenc.sty) (/Users/erinbuchanan/Library/TinyTeX/texmf-dist/tex/latex/hyperref/pd1enc.def) (/Users/erinbuchanan/Library/TinyTeX/texmf-dist/tex/generic/intcalc/intcalc.sty) (/Users/erinbuchanan/Library/TinyTeX/texmf-dist/tex/latex/hyperref/puenc.def) (/Users/erinbuchanan/Library/TinyTeX/texmf-dist/tex/generic/bitset/bitset.sty (/Users/erinbuchanan/Library/TinyTeX/texmf-dist/tex/generic/bigintcalc/bigintcalc.sty))) (/Users/erinbuchanan/Library/TinyTeX/texmf-dist/tex/latex/hyperref/hpdftex.def (/Users/erinbuchanan/Library/TinyTeX/texmf-dist/tex/latex/rerunfilecheck/rerunfilecheck.sty (/Users/erinbuchanan/Library/TinyTeX/texmf-dist/tex/generic/uniquecounter/uniquecounter.sty)))) (/Users/erinbuchanan/Library/TinyTeX/texmf-dist/tex/latex/base/makeidx.sty)
Writing index file Rd2.idx
(/Users/erinbuchanan/Library/TinyTeX/texmf-dist/tex/latex/psnfss/t1ptm.fd) (/Users/erinbuchanan/Library/TinyTeX/texmf-dist/tex/latex/l3backend/l3backend-pdftex.def) (/private/var/folders/vn/hfjry_ms5pjbbdw6g_p8fs800000gn/T/RtmpsJaAdP/Rd2pdfeb90b3ec000/Rd2.aux) (/private/var/folders/vn/hfjry_ms5pjbbdw6g_p8fs800000gn/T/RtmpsJaAdP/Rd2pdfeb90b3ec000/Rd2.out) (/private/var/folders/vn/hfjry_ms5pjbbdw6g_p8fs800000gn/T/RtmpsJaAdP/Rd2pdfeb90b3ec000/Rd2.out) (/Users/erinbuchanan/Library/TinyTeX/texmf-dist/tex/latex/psnfss/ts1ptm.fd) (/Users/erinbuchanan/Library/TinyTeX/texmf-dist/tex/latex/inconsolata/t1zi4.fd) (/Users/erinbuchanan/Library/TinyTeX/texmf-dist/tex/latex/amsfonts/umsa.fd) (/Users/erinbuchanan/Library/TinyTeX/texmf-dist/tex/latex/amsfonts/umsb.fd)
[1{/Users/erinbuchanan/Library/TinyTeX/texmf-var/fonts/map/pdftex/updmap/pdftex.map}{/Users/erinbuchanan/Library/TinyTeX/texmf-dist/fonts/enc/dvips/base/8r.enc}{/Users/erinbuchanan/Library/TinyTeX/texmf-dist/fonts/enc/dvips/inconsolata/i4-t1-0.enc}] (/private/var/folders/vn/hfjry_ms5pjbbdw6g_p8fs800000gn/T/RtmpsJaAdP/Rd2pdfeb90b3ec000/Rd2.toc)
[2]
[3]
Overfull \hbox (32.81952pt too wide) in paragraph at lines 174--177
[]\T1/ptm/m/n/10 Factor in-di-cat-ing sport type: []\T1/zi4/m/n/10 "baseball"[]\T1/ptm/m/n/10 , []\T1/zi4/m/n/10 "basketball"[]\T1/ptm/m/n/10 , []\T1/zi4/m/n/10 "football"[]\T1/ptm/m/n/10 , []\T1/zi4/m/n/10 "soccer"[]\T1/ptm/m/n/10 , or []\T1/zi4/m/n/10 "volleyball"[]\T1/ptm/m/n/10 . 

[4]
Overfull \hbox (1.70792pt too wide) in paragraph at lines 208--210
[]\T1/ptm/m/n/10 Factor with lev-els []\T1/zi4/m/n/10 "low"[]\T1/ptm/m/n/10 , []\T1/zi4/m/n/10 "medium"[]\T1/ptm/m/n/10 , and []\T1/zi4/m/n/10 "high" []\T1/ptm/m/n/10 in-di-cat-ing self-reported num-ber of friends. 

[5]
Overfull \hbox (2.01828pt too wide) in paragraph at lines 285--287
[]\T1/ptm/m/n/10 Numeric. Lower-tail non-cov-er-age prob-a-bil-ity (can-not be used with `conf_level`). 

Overfull \hbox (1.1583pt too wide) in paragraph at lines 288--290
[]\T1/ptm/m/n/10 Numeric. Upper-tail non-cov-er-age prob-a-bil-ity (can-not be used with `conf_level`). 

[6]
[7]
[8]
[9]
Overfull \hbox (1.61076pt too wide) in paragraph at lines 521--524
[]\T1/ptm/m/n/10 Compute Co-hen's $\OML/cmm/m/it/10 d[]$ \T1/ptm/m/n/10 and a noncentral-t con-fi-dence in-ter-val for repeated-measures (paired-samples)

[10]
[11]
[12]
[13]
Overfull \hbox (4.0463pt too wide) in paragraph at lines 796--799
[]\T1/ptm/m/n/10 Compute Co-hen's $\OML/cmm/m/it/10 d[]$ \T1/ptm/m/n/10 and a noncentral-t con-fi-dence in-ter-val for repeated-measures (paired-samples)

[14]
[15]
Overfull \hbox (10.21796pt too wide) in paragraph at lines 932--934
[]\T1/ptm/m/n/10 Population stan-dard de-vi-a-tion for z-based de-signs, used when `de-sign = "z_mean"`. 

[16]
Overfull \hbox (2.61761pt too wide) in paragraph at lines 1051--1056
[]\T1/ptm/m/n/10 - `"prop"` ^^V in-de-pen-dent pro-por-tions (bi-nary out-come) us-ing a stan-dard-ized mean dif-fer-ence (SMD)

[17]
[18]
[19]
[20]
[21]
[22] (/Users/erinbuchanan/Library/TinyTeX/texmf-dist/tex/latex/inconsolata/ts1zi4.fd)
[23]
[24{/Users/erinbuchanan/Library/TinyTeX/texmf-dist/fonts/enc/dvips/inconsolata/i4-ts1.enc}]
[25]
[26]
[27]
[28]

LaTeX Warning: Command \textasciicircum invalid in math mode on input line 1850.


[29]
[30]

LaTeX Warning: Command \textasciicircum invalid in math mode on input line 1954.


L

This is pdfTeX, Version 3.141592653-2.6-1.40.28 (TeX Live 2025) (preloaded format=pdflatex)
 restricted \write18 enabled.
entering extended mode
LaTeX2e <2025-06-01> patch level 1
L3 programming layer <2025-09-02>
(./Rd2.tex
(/Users/erinbuchanan/Library/TinyTeX/texmf-dist/tex/latex/base/book.cls
Document Class: book 2025/01/22 v1.4n Standard LaTeX document class
(/Users/erinbuchanan/Library/TinyTeX/texmf-dist/tex/latex/base/bk10.clo)) (/Library/Frameworks/R.framework/Resources/share/texmf/tex/latex/Rd.sty (/Users/erinbuchanan/Library/TinyTeX/texmf-dist/tex/latex/base/ifthen.sty) (/Users/erinbuchanan/Library/TinyTeX/texmf-dist/tex/generic/iftex/iftex.sty) (/Users/erinbuchanan/Library/TinyTeX/texmf-dist/tex/latex/tools/longtable.sty) (/Users/erinbuchanan/Library/TinyTeX/texmf-dist/tex/latex/tools/bm.sty) (/Users/erinbuchanan/Library/TinyTeX/texmf-dist/tex/latex/base/alltt.sty) (/Users/erinbuchanan/Library/TinyTeX/texmf-dist/tex/latex/tools/verbatim.sty) (/Users/erinbuchanan/Library/TinyTeX/texmf-dist/tex/latex/url/url.sty) (/Users/erinbuchanan/Library/TinyTeX/texmf-dist/tex/latex/base/textcomp.sty) (/Users/erinbuchanan/Library/TinyTeX/texmf-dist/tex/latex/amsmath/amsmath.sty
For additional information on amsmath, use the `?' option.
(/Users/erinbuchanan/Library/TinyTeX/texmf-dist/tex/latex/amsmath/amstext.sty (/Users/erinbuchanan/Library/TinyTeX/texmf-dist/tex/latex/amsmath/amsgen.sty)) (/Users/erinbuchanan/Library/TinyTeX/texmf-dist/tex/latex/amsmath/amsbsy.sty) (/Users/erinbuchanan/Library/TinyTeX/texmf-dist/tex/latex/amsmath/amsopn.sty)) (/Users/erinbuchanan/Library/TinyTeX/texmf-dist/tex/latex/amsfonts/amsfonts.sty) (/Users/erinbuchanan/Library/TinyTeX/texmf-dist/tex/latex/amsfonts/amssymb.sty) (/Users/erinbuchanan/Library/TinyTeX/texmf-dist/tex/latex/amsfonts/eucal.sty) (/Users/erinbuchanan/Library/TinyTeX/texmf-dist/tex/latex/base/fontenc.sty) (/Users/erinbuchanan/Library/TinyTeX/texmf-dist/tex/latex/psnfss/times.sty) (/Users/erinbuchanan/Library/TinyTeX/texmf-dist/tex/latex/inconsolata/zi4.sty `inconsolata-zi4' v1.12, 2019/05/17 Text macros for Inconsolata (msharpe) (/Users/erinbuchanan/Library/TinyTeX/texmf-dist/tex/latex/xkeyval/xkeyval.sty (/Users/erinbuchanan/Library/TinyTeX/texmf-dist/tex/generic/xkeyval/xkeyval.tex (/Users/erinbuchanan/Library/TinyTeX/texmf-dist/tex/generic/xkeyval/xkvutils.tex (/Users/erinbuchanan/Library/TinyTeX/texmf-dist/tex/generic/xkeyval/keyval.tex))))) (/Users/erinbuchanan/Library/TinyTeX/texmf-dist/tex/latex/graphics/color.sty (/Users/erinbuchanan/Library/TinyTeX/texmf-dist/tex/latex/graphics-cfg/color.cfg) (/Users/erinbuchanan/Library/TinyTeX/texmf-dist/tex/latex/graphics-def/pdftex.def) (/Users/erinbuchanan/Library/TinyTeX/texmf-dist/tex/latex/graphics/mathcolor.ltx)) (/Users/erinbuchanan/Library/TinyTeX/texmf-dist/tex/latex/hyperref/hyperref.sty (/Users/erinbuchanan/Library/TinyTeX/texmf-dist/tex/latex/kvsetkeys/kvsetkeys.sty) (/Users/erinbuchanan/Library/TinyTeX/texmf-dist/tex/generic/kvdefinekeys/kvdefinekeys.sty) (/Users/erinbuchanan/Library/TinyTeX/texmf-dist/tex/generic/pdfescape/pdfescape.sty (/Users/erinbuchanan/Library/TinyTeX/texmf-dist/tex/generic/ltxcmds/ltxcmds.sty) (/Users/erinbuchanan/Library/TinyTeX/texmf-dist/tex/generic/pdftexcmds/pdftexcmds.sty (/Users/erinbuchanan/Library/TinyTeX/texmf-dist/tex/generic/infwarerr/infwarerr.sty))) (/Users/erinbuchanan/Library/TinyTeX/texmf-dist/tex/latex/hycolor/hycolor.sty) (/Users/erinbuchanan/Library/TinyTeX/texmf-dist/tex/latex/hyperref/nameref.sty (/Users/erinbuchanan/Library/TinyTeX/texmf-dist/tex/latex/refcount/refcount.sty) (/Users/erinbuchanan/Library/TinyTeX/texmf-dist/tex/generic/gettitlestring/gettitlestring.sty (/Users/erinbuchanan/Library/TinyTeX/texmf-dist/tex/latex/kvoptions/kvoptions.sty))) (/Users/erinbuchanan/Library/TinyTeX/texmf-dist/tex/latex/etoolbox/etoolbox.sty) (/Users/erinbuchanan/Library/TinyTeX/texmf-dist/tex/generic/stringenc/stringenc.sty) (/Users/erinbuchanan/Library/TinyTeX/texmf-dist/tex/latex/hyperref/pd1enc.def) (/Users/erinbuchanan/Library/TinyTeX/texmf-dist/tex/generic/intcalc/intcalc.sty) (/Users/erinbuchanan/Library/TinyTeX/texmf-dist/tex/latex/hyperref/puenc.def) (/Users/erinbuchanan/Library/TinyTeX/texmf-dist/tex/generic/bitset/bitset.sty (/Users/erinbuchanan/Library/TinyTeX/texmf-dist/tex/generic/bigintcalc/bigintcalc.sty))) (/Users/erinbuchanan/Library/TinyTeX/texmf-dist/tex/latex/hyperref/hpdftex.def (/Users/erinbuchanan/Library/TinyTeX/texmf-dist/tex/latex/rerunfilecheck/rerunfilecheck.sty (/Users/erinbuchanan/Library/TinyTeX/texmf-dist/tex/generic/uniquecounter/uniquecounter.sty)))) (/Users/erinbuchanan/Library/TinyTeX/texmf-dist/tex/latex/base/makeidx.sty)
Writing index file Rd2.idx
(/Users/erinbuchanan/Library/TinyTeX/texmf-dist/tex/latex/psnfss/t1ptm.fd) (/Users/erinbuchanan/Library/TinyTeX/texmf-dist/tex/latex/l3backend/l3backend-pdftex.def) (/private/var/folders/vn/hfjry_ms5pjbbdw6g_p8fs800000gn/T/RtmpsJaAdP/Rd2pdfeb90b3ec000/Rd2.aux) (/private/var/folders/vn/hfjry_ms5pjbbdw6g_p8fs800000gn/T/RtmpsJaAdP/Rd2pdfeb90b3ec000/Rd2.out) (/private/var/folders/vn/hfjry_ms5pjbbdw6g_p8fs800000gn/T/RtmpsJaAdP/Rd2pdfeb90b3ec000/Rd2.out) (/Users/erinbuchanan/Library/TinyTeX/texmf-dist/tex/latex/psnfss/ts1ptm.fd) (/Users/erinbuchanan/Library/TinyTeX/texmf-dist/tex/latex/inconsolata/t1zi4.fd) (/Users/erinbuchanan/Library/TinyTeX/texmf-dist/tex/latex/amsfonts/umsa.fd) (/Users/erinbuchanan/Library/TinyTeX/texmf-dist/tex/latex/amsfonts/umsb.fd)
[1{/Users/erinbuchanan/Library/TinyTeX/texmf-var/fonts/map/pdftex/updmap/pdftex.map}{/Users/erinbuchanan/Library/TinyTeX/texmf-dist/fonts/enc/dvips/base/8r.enc}{/Users/erinbuchanan/Library/TinyTeX/texmf-dist/fonts/enc/dvips/inconsolata/i4-t1-0.enc}] (/private/var/folders/vn/hfjry_ms5pjbbdw6g_p8fs800000gn/T/RtmpsJaAdP/Rd2pdfeb90b3ec000/Rd2.toc)
[2]
[3]
Overfull \hbox (32.81952pt too wide) in paragraph at lines 174--177
[]\T1/ptm/m/n/10 Factor in-di-cat-ing sport type: []\T1/zi4/m/n/10 "baseball"[]\T1/ptm/m/n/10 , []\T1/zi4/m/n/10 "basketball"[]\T1/ptm/m/n/10 , []\T1/zi4/m/n/10 "football"[]\T1/ptm/m/n/10 , []\T1/zi4/m/n/10 "soccer"[]\T1/ptm/m/n/10 , or []\T1/zi4/m/n/10 "volleyball"[]\T1/ptm/m/n/10 . 

[4]
Overfull \hbox (1.70792pt too wide) in paragraph at lines 208--210
[]\T1/ptm/m/n/10 Factor with lev-els []\T1/zi4/m/n/10 "low"[]\T1/ptm/m/n/10 , []\T1/zi4/m/n/10 "medium"[]\T1/ptm/m/n/10 , and []\T1/zi4/m/n/10 "high" []\T1/ptm/m/n/10 in-di-cat-ing self-reported num-ber of friends. 

[5]
Overfull \hbox (2.01828pt too wide) in paragraph at lines 285--287
[]\T1/ptm/m/n/10 Numeric. Lower-tail non-cov-er-age prob-a-bil-ity (can-not be used with `conf_level`). 

Overfull \hbox (1.1583pt too wide) in paragraph at lines 288--290
[]\T1/ptm/m/n/10 Numeric. Upper-tail non-cov-er-age prob-a-bil-ity (can-not be used with `conf_level`). 

[6]
[7]
[8]
[9]
Overfull \hbox (1.61076pt too wide) in paragraph at lines 521--524
[]\T1/ptm/m/n/10 Compute Co-hen's $\OML/cmm/m/it/10 d[]$ \T1/ptm/m/n/10 and a noncentral-t con-fi-dence in-ter-val for repeated-measures (paired-samples)

[10]
[11]
[12]
[13]
Overfull \hbox (4.0463pt too wide) in paragraph at lines 796--799
[]\T1/ptm/m/n/10 Compute Co-hen's $\OML/cmm/m/it/10 d[]$ \T1/ptm/m/n/10 and a noncentral-t con-fi-dence in-ter-val for repeated-measures (paired-samples)

[14]
[15]
Overfull \hbox (10.21796pt too wide) in paragraph at lines 932--934
[]\T1/ptm/m/n/10 Population stan-dard de-vi-a-tion for z-based de-signs, used when `de-sign = "z_mean"`. 

[16]
Overfull \hbox (2.61761pt too wide) in paragraph at lines 1051--1056
[]\T1/ptm/m/n/10 - `"prop"` ^^V in-de-pen-dent pro-por-tions (bi-nary out-come) us-ing a stan-dard-ized mean dif-fer-ence (SMD)

[17]
[18]
[19]
[20]
[21]
[22] (/Users/erinbuchanan/Library/TinyTeX/texmf-dist/tex/latex/inconsolata/ts1zi4.fd)
[23]
[24{/Users/erinbuchanan/Library/TinyTeX/texmf-dist/fonts/enc/dvips/inconsolata/i4-ts1.enc}]
[25]
[26]
[27]
[28]

LaTeX Warning: Command \textasciicircum invalid in math mode on input line 1850.


[29]
[30]

LaTeX Warning: Command \textasciicircum invalid in math mode on input line 1954.


LaTeX Warning: Command \textasciicircum invalid in math mode on input line 1954.


Overfull \hbox (10.1458pt too wide) in paragraph at lines 1962--1972
\T1/ptm/m/n/10 `dfe`, `F`, `p`, `es-ti-mate`, `statis-tic`) and newer snake_case aliases (e.g., `eta_value`, `eta_lower_limit`,

[31]
[32]

LaTeX Warning: Command \textasciicircum invalid in math mode on input line 2058.


Overfull \hbox (2.59685pt too wide) in paragraph at lines 2106--2116
\T1/ptm/m/n/10 `eta_value`, `eta_lower_limit`, `eta_upper_limit`, `df_model`, `df_error`, `f_value`, `p_value`). New

[33]

LaTeX Warning: Command \textasciicircum invalid in math mode on input line 2165.


[34]
Overfull \hbox (2.59685pt too wide) in paragraph at lines 2215--2226
\T1/ptm/m/n/10 `eta_value`, `eta_lower_limit`, `eta_upper_limit`, `df_model`, `df_error`, `f_value`, `p_value`). New

[35]

LaTeX Warning: Command \textasciicircum invalid in math mode on input line 2298.


[36]
[37]

LaTeX Warning: Command \textasciicircum invalid in math mode on input line 2415.


[38]
[39]
[40]
[41]
[42]
[43]
[44]
[45]

LaTeX Warning: Command \textasciicircum invalid in math mode on input line 2899.


[46]
Overfull \hbox (15.72682pt too wide) in paragraph at lines 2952--2962
\T1/ptm/m/n/10 func-tion name `omega_f()` to fol-low mod-ern R style guide-lines. The orig-i-nal dot-ted ver-sion `omega.F()`

Overfull \hbox (33.39656pt too wide) in paragraph at lines 2952--2962
\T1/ptm/m/n/10 `omegahigh`, `dfm`, `dfe`, `F`, `p`, `es-ti-mate`, `statis-tic`) and newer snake_case aliases (e.g., `omega_value`,

[47]
Overfull \hbox (1.83769pt too wide) in paragraph at lines 3071--3081
\T1/ptm/m/n/10 (e.g., `omega_value`, `omega_lower_limit`, `omega_upper_limit`, `df_model`, `df_error`, `f_value`,

[48]
[49]
Overfull \hbox (1.33838pt too wide) in paragraph at lines 3186--3190
\T1/ptm/m/n/10 stead). This ar-gu-ment is only used by the wrap-per func-tion `omega.gen.SS.rm()`,

Overfull \hbox (1.83769pt too wide) in paragraph at lines 3209--3220
\T1/ptm/m/n/10 (e.g., `omega_value`, `omega_lower_limit`, `omega_upper_limit`, `df_model`, `df_error`, `f_value`,

[50]
[51]
Overfull \hbox (7.43768pt too wide) in paragraph at lines 3345--3355
\T1/ptm/m/n/10 `df_error`, `f_value`, `p_value`). New code should pre-fer `omega_partial_ss_bn()` and the snake_case

[52]
[53]
[54]
Overfull \hbox (8.54753pt too wide) in paragraph at lines 3513--3524
\T1/ptm/m/n/10 `df_error`, `f_value`, `p_value`). New code should pre-fer `omega_partial_ss_rm()` and the snake_case

[55]
Overfull \hbox (18.25806pt too wide) in paragraph at lines 3628--3632
\T1/ptm/m/n/10 type and for-ward/backward strength in word as-so-ci-a-tions. De-signed for use with [][][]\T1/zi4/m/n/10 omega.partial.SS.rm[][][]

[56]

LaTeX Warning: Command \textasciicircum invalid in math mode on input line 3662.


[57]
Overfull \hbox (6.66643pt too wide) in paragraph at lines 3701--3713
\T1/ptm/m/n/10 func-tion name `r_correl()` to fol-low mod-ern R style guide-lines. The orig-i-nal dot-ted ver-sion `r.correl()`

Overfull \hbox (16.34634pt too wide) in paragraph at lines 3701--3713
\T1/ptm/m/n/10 newer snake_case aliases (e.g., `r_value`, `r_lower_limit`, `r_upper_limit`, `r2_value`, `r2_lower_limit`,

Overfull \hbox (24.14687pt too wide) in paragraph at lines 3701--3713
\T1/ptm/m/n/10 `r2_upper_limit`, `stan-dard_error`, `sam-ple_size`, `df_model`, `df_error`, `t_value`, `f_value`, `p_value`).

[58]
Overfull \hbox (15.15733pt too wide) in paragraph at lines 3816--3818
[]\T1/ptm/m/n/10 Chi-square test statis-tic for the con-tin-gency ta-ble (used when `de-sign = "v_chi_sq"`). 

[59]
Overfull \hbox (80.58636pt too wide) in paragraph at lines 3822--3828
\T1/ptm/m/n/10 `de-sign = "ges_partial_ss_mix"`, `de-sign = "ges_partial_ss_rm"`, `de-sign = "omega_partial_ss_rm"`,

Overfull \hbox (80.58636pt too wide) in paragraph at lines 3829--3835
\T1/ptm/m/n/10 `de-sign = "ges_partial_ss_mix"`, `de-sign = "ges_partial_ss_rm"`, `de-sign = "omega_partial_ss_rm"`,

Overfull \hbox (48.19746pt too wide) in paragraph at lines 3836--3839
\T1/ptm/m/n/10 "omega_full_ss"`, `de-sign = "omega_partial_ss_bn"`, or `de-sign = "omega_partial_ss_rm"`). 

Overfull \hbox (48.19746pt too wide) in paragraph at lines 3840--3843
\T1/ptm/m/n/10 "omega_full_ss"`, `de-sign = "omega_partial_ss_bn"`, or `de-sign = "omega_partial_ss_rm"`). 

Overfull \hbox (18.33665pt too wide) in paragraph at lines 3851--3856
\T1/ptm/m/n/10 = "eta_partial_ss"`, `de-sign = "ges_partial_ss_mix"`, `de-sign = "ges_partial_ss_rm"`,

Overfull \hbox (55.26668pt too wide) in paragraph at lines 3860--3863
\T1/ptm/m/n/10 "ges_partial_ss_mix"`, `de-sign = "ges_partial_ss_rm"`, or `de-sign = "omega_partial_ss_rm"`). 

Overfull \hbox (7.19757pt too wide) in paragraph at lines 3868--3870
[]\T1/ptm/m/n/10 Sum of squares for the first er-ror term (used when `de-sign = "ges_partial_ss_rm"`). 

Overfull \hbox (19.40767pt too wide) in paragraph at lines 3871--3873
[]\T1/ptm/m/n/10 Sum of squares for the sec-ond er-ror term (used when `de-sign = "ges_partial_ss_rm"`). 

Overfull \hbox (10.52763pt too wide) in paragraph at lines 3874--3876
[]\T1/ptm/m/n/10 Sum of squares for the third er-ror term (used when `de-sign = "ges_partial_ss_rm"`). 

Overfull \hbox (14.97643pt too wide) in paragraph at lines 3880--3884
[]\T1/ptm/m/n/10 F statis-tic for the model term (used when `de-sign = "eta_f"`, `de-sign = "eta_full_ss"`,

Overfull \hbox (49.67636pt too wide) in paragraph at lines 3880--3884
\T1/ptm/m/n/10 `de-sign = "eta_partial_ss"`, `de-sign = "ges_partial_ss_mix"`, `de-sign = "ges_partial_ss_rm"`,

Overfull \hbox (11.31688pt too wide) in paragraph at lines 3895--3902
\T1/ptm/m/n/10 level func-tions as [d_to_r()], [r_correl()], [ep-silon_full_ss()], [eta_f()], [omega_f()], [omega_full_ss()],

Overfull \hbox (26.16544pt too wide) in paragraph at lines 3895--3902
\T1/ptm/m/n/10 [eta_full_ss()], [eta_partial_ss()], [ges_partial_ss_mix()], [ges_partial_ss_rm()], [omega_partial_ss_rm()],

[60]
Overfull \hbox (5.93654pt too wide) in paragraph at lines 3940--3945
\T1/ptm/m/n/10 dom. Sup-ply `dfm`, `dfe`, `msm`, `mse`, and `sst`. In this case, `r_effect()` will call [omega_full_ss()]

Overfull \hbox (35.91553pt too wide) in paragraph at lines 3972--3979
\T1/ptm/m/n/10 `dfe`, `ssm`, `sss`, `sse1`, `sse2`, `sse3`, and `f_value`. In this case, `r_effect()` will call [ges_partial_ss_rm()]

[61]
[62]
[63]
[64]
No file Rd2.ind.

[65] (/private/var/folders/vn/hfjry_ms5pjbbdw6g_p8fs800000gn/T/RtmpsJaAdP/Rd2pdfeb90b3ec000/Rd2.aux) )
(see the transcript file for additional information) </Users/erinbuchanan/Library/TinyTeX/texmf-var/fonts/pk/ljfour/jknappen/ec/tcrm1000.600pk></Users/erinbuchanan/Library/TinyTeX/texmf-dist/fonts/type1/public/inconsolata/Inconsolata-zi4r.pfb></Users/erinbuchanan/Library/TinyTeX/texmf-dist/fonts/type1/public/amsfonts/cm/cmex10.pfb></Users/erinbuchanan/Library/TinyTeX/texmf-dist/fonts/type1/public/amsfonts/cm/cmmi10.pfb></Users/erinbuchanan/Library/TinyTeX/texmf-dist/fonts/type1/public/amsfonts/cm/cmmi7.pfb></Users/erinbuchanan/Library/TinyTeX/texmf-dist/fonts/type1/public/amsfonts/cm/cmr10.pfb></Users/erinbuchanan/Library/TinyTeX/texmf-dist/fonts/type1/public/amsfonts/cm/cmr5.pfb></Users/erinbuchanan/Library/TinyTeX/texmf-dist/fonts/type1/public/amsfonts/cm/cmr7.pfb></Users/erinbuchanan/Library/TinyTeX/texmf-dist/fonts/type1/public/amsfonts/cm/cmsy10.pfb></Users/erinbuchanan/Library/TinyTeX/texmf-dist/fonts/type1/public/amsfonts/cm/cmsy7.pfb></Users/erinbuchanan/Library/TinyTeX/texmf-dist/fonts/type1/urw/times/utmb8a.pfb></Users/erinbuchanan/Library/TinyTeX/texmf-dist/fonts/type1/urw/times/utmr8a.pfb></Users/erinbuchanan/Library/TinyTeX/texmf-dist/fonts/type1/urw/times/utmr8a.pfb></Users/erinbuchanan/Library/TinyTeX/texmf-dist/fonts/type1/urw/times/utmri8a.pfb>
Output written on Rd2.pdf (65 pages, 304642 bytes).
Transcript written on Rd2.log.
Saving output to ‘MOTE-manual.pdf’ ...
Done
You may want to clean up by 'rm -Rf /var/folders/vn/hfjry_ms5pjbbdw6g_p8fs800000gn/T//RtmpsJaAdP/Rd2pdfeb90b3ec000'
